<?xml version="1.0" encoding="UTF-8"?>
<testng-results skipped="0" failed="0" ignored="0" total="4" passed="4">
  <reporter-output>
  </reporter-output>
  <suite name="Default suite" duration-ms="11838" started-at="2020-01-31T12:37:17Z" finished-at="2020-01-31T12:37:29Z">
    <groups>
    </groups>
    <test name="Default test" duration-ms="11838" started-at="2020-01-31T12:37:17Z" finished-at="2020-01-31T12:37:29Z">
      <class name="com.qa.assignments.tests.Assignment4">
        <test-method status="PASS" signature="setUP()[pri:0, instance:com.qa.assignments.tests.Assignment4@20deea7f]" name="setUP" is-config="true" duration-ms="16179" started-at="2020-01-31T12:37:01Z" finished-at="2020-01-31T12:37:17Z">
          <reporter-output>
          </reporter-output>
        </test-method> <!-- setUP -->
        <test-method status="PASS" signature="verifySearchProduct()[pri:0, instance:com.qa.assignments.tests.Assignment4@20deea7f]" name="verifySearchProduct" duration-ms="3185" started-at="2020-01-31T12:37:17Z" finished-at="2020-01-31T12:37:20Z">
          <reporter-output>
          </reporter-output>
        </test-method> <!-- verifySearchProduct -->
        <test-method status="PASS" signature="resultscount()[pri:1, instance:com.qa.assignments.tests.Assignment4@20deea7f]" name="resultscount" duration-ms="29" started-at="2020-01-31T12:37:20Z" finished-at="2020-01-31T12:37:20Z">
          <reporter-output>
          </reporter-output>
        </test-method> <!-- resultscount -->
        <test-method status="PASS" signature="displayProduct()[pri:2, instance:com.qa.assignments.tests.Assignment4@20deea7f]" name="displayProduct" duration-ms="27" started-at="2020-01-31T12:37:20Z" finished-at="2020-01-31T12:37:20Z">
          <reporter-output>
          </reporter-output>
        </test-method> <!-- displayProduct -->
        <test-method status="PASS" signature="displayAllProducts()[pri:3, instance:com.qa.assignments.tests.Assignment4@20deea7f]" name="displayAllProducts" duration-ms="8579" started-at="2020-01-31T12:37:20Z" finished-at="2020-01-31T12:37:29Z">
          <reporter-output>
          </reporter-output>
        </test-method> <!-- displayAllProducts -->
        <test-method status="PASS" signature="tearDown()[pri:0, instance:com.qa.assignments.tests.Assignment4@20deea7f]" name="tearDown" is-config="true" duration-ms="610" started-at="2020-01-31T12:37:29Z" finished-at="2020-01-31T12:37:30Z">
          <reporter-output>
          </reporter-output>
        </test-method> <!-- tearDown -->
      </class> <!-- com.qa.assignments.tests.Assignment4 -->
    </test> <!-- Default test -->
  </suite> <!-- Default suite -->
</testng-results>
