<?xml version="1.0" encoding="UTF-8"?>
<testng-results skipped="0" failed="0" ignored="0" total="1" passed="1">
  <reporter-output>
  </reporter-output>
  <suite name="Default suite" duration-ms="38339" started-at="2020-02-04T08:50:08Z" finished-at="2020-02-04T08:50:46Z">
    <groups>
    </groups>
    <test name="Default test" duration-ms="38339" started-at="2020-02-04T08:50:08Z" finished-at="2020-02-04T08:50:46Z">
      <class name="com.qa.assignments.tests.Assignment5">
        <test-method status="PASS" signature="setUp()[pri:0, instance:com.qa.assignments.tests.Assignment5@20deea7f]" name="setUp" is-config="true" duration-ms="13992" started-at="2020-02-04T08:50:08Z" finished-at="2020-02-04T08:50:22Z">
          <reporter-output>
          </reporter-output>
        </test-method> <!-- setUp -->
        <test-method status="PASS" signature="verifyLogin()[pri:0, instance:com.qa.assignments.tests.Assignment5@20deea7f]" name="verifyLogin" duration-ms="23729" started-at="2020-02-04T08:50:22Z" finished-at="2020-02-04T08:50:46Z">
          <reporter-output>
          </reporter-output>
        </test-method> <!-- verifyLogin -->
        <test-method status="PASS" signature="tearDown()[pri:0, instance:com.qa.assignments.tests.Assignment5@20deea7f]" name="tearDown" is-config="true" duration-ms="601" started-at="2020-02-04T08:50:46Z" finished-at="2020-02-04T08:50:46Z">
          <reporter-output>
          </reporter-output>
        </test-method> <!-- tearDown -->
      </class> <!-- com.qa.assignments.tests.Assignment5 -->
    </test> <!-- Default test -->
  </suite> <!-- Default suite -->
</testng-results>
